Building DAG of jobs...
Using shell: /bin/bash
Provided cores: 1 (use --cores to define parallelism)
Rules claiming more threads will be scaled down.
Job stats:
job        count
-------  -------
analyze        1
prepare        1
profile        1
total          3

Select jobs to execute...

[Mon Dec 11 23:08:42 2023]
rule prepare:
    output: data/car.csv
    jobid: 2
    reason: Forced execution
    resources: tmpdir=/var/folders/3n/4qxkp6s91fv51r86swlb5bjm0000gn/T

[Mon Dec 11 23:08:43 2023]
Finished job 2.
1 of 3 steps (33%) done
Select jobs to execute...

[Mon Dec 11 23:08:43 2023]
rule profile:
    input: data/car.csv
    output: profiling/report.html
    jobid: 1
    reason: Input files updated by another job: data/car.csv
    resources: tmpdir=/var/folders/3n/4qxkp6s91fv51r86swlb5bjm0000gn/T

[Mon Dec 11 23:08:50 2023]
Finished job 1.
2 of 3 steps (67%) done
Select jobs to execute...

[Mon Dec 11 23:08:50 2023]
rule analyze:
    input: profiling/report.html
    output: results/summary_statistics.csv, results/simple_vis.png, results/classification_report.txt
    jobid: 0
    reason: Input files updated by another job: profiling/report.html
    resources: tmpdir=/var/folders/3n/4qxkp6s91fv51r86swlb5bjm0000gn/T

[Mon Dec 11 23:08:54 2023]
Finished job 0.
3 of 3 steps (100%) done
Complete log: .snakemake/log/2023-12-11T230842.296055.snakemake.log
