Building DAG of jobs...
Using shell: /bin/bash
Provided cores: 1 (use --cores to define parallelism)
Rules claiming more threads will be scaled down.
Job stats:
job        count
-------  -------
prepare        1
profile        1
total          2

Select jobs to execute...

[Mon Dec 11 23:24:35 2023]
rule prepare:
    output: data/car.csv
    jobid: 1
    reason: Forced execution
    resources: tmpdir=/var/folders/3n/4qxkp6s91fv51r86swlb5bjm0000gn/T

[Mon Dec 11 23:24:36 2023]
Finished job 1.
1 of 2 steps (50%) done
Select jobs to execute...

[Mon Dec 11 23:24:36 2023]
rule profile:
    input: data/car.csv
    output: profiling/report.html
    jobid: 0
    reason: Input files updated by another job: data/car.csv
    resources: tmpdir=/var/folders/3n/4qxkp6s91fv51r86swlb5bjm0000gn/T

[Mon Dec 11 23:24:45 2023]
Finished job 0.
2 of 2 steps (100%) done
Complete log: .snakemake/log/2023-12-11T232435.506833.snakemake.log
